<?xml version="1.0" encoding="UTF-8"?>
<testsuite xmlns:xsi="http://www.w3.org/2001/XMLSchema-instance" xsi:noNamespaceSchemaLocation="https://maven.apache.org/surefire/maven-surefire-plugin/xsd/surefire-test-report.xsd" name="TestSolution" time="0.307" tests="5" errors="0" skipped="0" failures="0">
  <properties>
[...]
</properties>
  <testcase name="testOutputParametrized{String, String}[1]" classname="TestSolution" time="0.129"/>
  <testcase name="testOutputParametrized{String, String}[2]" classname="TestSolution" time="0.067"/>
  <testcase name="testOutputParametrized{String, String}[3]" classname="TestSolution" time="0.013"/>
  <testcase name="testOutputParametrized{String, String}[4]" classname="TestSolution" time="0.012"/>
  <testcase name="testOutput" classname="TestSolution" time="0.025"/>
</testsuite>